GPDA Information output file for Thu Apr 17 15:53:01 2003

Timing is     disabled
Debugging is  disabled
Statistics is disabled
Run Mode is   playback

Initial Command Center ........... NORAD_COMMAND_CENTER
Initial Command Level ............ NORAD
Initial Command Position ......... DO_1
Initial DEA ...................... Hold
Initial Defense Condition ........ 5
Initial Readiness Posture ........ 2
Initial Rules of Engagement ...... N_America
Initial Mission Objective ........ Current
Initial Battle Plan .............. Gen_Umbrella
ROE Box North Latitude ........... 72.000000
ROE Box West Longitude ........... 170.000000
ROE Box South Latitude ........... 20.000000
ROE Box East Longitude ........... 55.000000
Simulated Commander Host ......... localhost
Communications Port .............. 1029

Belief Network algorithm initialization complete.
Case Based Planning algorithm initialization complete.
Data Manager algorithm initialization complete.
Plan Optimization algorithm initialization complete.
Plan Optimization algorithm initialization complete.
