      31            # No. of nodes
#    Node     Col     Row   # Links
       1       1       0       6       2       3       4       5       6       7
              64       0      18      47      67      89
       2       1       1       1       8
              25
       3       2       1       2       8       9
              25       0
       4       3       1       2      10      11
              18      20
       5       4       1       2      11      12
              20      57
       6       5       1       1      12
              57
       7       6       1       1      13
              89
       8       1       2       1      14
              25
       9       2       2       1      15
               0
      10       3       2       1      16
              18
      11       4       2       1      17
              20
      12       5       2       1      18
              68
      13       6       2       1      18
              68
      14       1       3       4      19      20      21      22
              33      20      34       5
      15       2       3       5      19      20      21      22      23
              33      20      34       5       3
      16       3       3       3      19      21      23
              33      34       3
      17       4       3       1      24
              12
      18       5       3       1      19
              33
      19       1       4       3      25      27      28
              41      26      31
      20       2       4       1      26
              32
      21       3       4       2      26      28
              32      31
      22       4       4       1      25
              41
      23       5       4       2      25      26
              41      32
      24       6       4       2      25      26
              41      32
      25       1       5       1      29
              49
      26       2       5       1      30
              33
      27       3       5       1      30
              33
      28       4       5       1      29
              49
      29       1       6       1      31
               0
      30       2       6       1      31
               0
      31       1       7       0
