com.zerog.ia.installer.Installer en Protege-2000  Version 1.7
com.zerog.ia.installer.Installer 2 false true true true 2 false
com.zerog.ia.installer.Installer com/zerog/ia/installer/images/backgroundImage.gif
com.zerog.ia.installer.Installer com/zerog/ia/installer/images/labelBackground.png
com.zerog.ia.installer.Installer com/zerog/ia/installer/images/currentLabelIcon.gif
com.zerog.ia.installer.Installer com/zerog/ia/installer/images/previousLabelIcon.gif
com.zerog.ia.installer.Installer com/zerog/ia/installer/images/futureLabelIcon.gif
com.zerog.ia.installer.actions.InstallFile /home/dre/Protege-2000/lax.jar
com.zerog.ia.installer.actions.MakeExecutable /home/dre/Protege-2000/Protege-2000
com.zerog.ia.installer.actions.InstallFile 0 /home/dre/Protege-2000/Protege-2000.lax
com.zerog.ia.installer.actions.InstallZipfile 883667 /home/dre/Protege-2000/protege.jar
com.zerog.ia.installer.actions.InstallFile 469 /home/dre/Protege-2000/index.html
com.zerog.ia.installer.actions.InstallFile 112 /home/dre/Protege-2000/readme.txt
com.zerog.ia.installer.actions.InstallFile 1078 /home/dre/Protege-2000/Protege-2000.ico
com.zerog.ia.installer.actions.InstallFile 229 /home/dre/Protege-2000/run_protege.bat
com.zerog.ia.installer.actions.InstallDirectory false /home/dre/Protege-2000/plugins
com.zerog.ia.installer.actions.InstallDirectory false /home/dre/Protege-2000/plugins/meta-inf
com.zerog.ia.installer.actions.InstallFile SF /home/dre/Protege-2000/plugins/meta-inf/manifest.examples
com.zerog.ia.installer.actions.InstallFile SF /home/dre/Protege-2000/plugins/meta-inf/manifest.mf
com.zerog.ia.installer.actions.InstallFile SF /home/dre/Protege-2000/plugins/query_tab.jar
com.zerog.ia.installer.actions.InstallFile SF /home/dre/Protege-2000/plugins/rdf-api.jar
com.zerog.ia.installer.actions.InstallFile SF /home/dre/Protege-2000/plugins/rdf_backend.jar
com.zerog.ia.installer.actions.InstallFile SF /home/dre/Protege-2000/plugins/standard_extensions.jar
com.zerog.ia.installer.actions.InstallFile SF /home/dre/Protege-2000/plugins/xerces.jar
com.zerog.ia.installer.actions.InstallDirectory false /home/dre/Protege-2000/examples
com.zerog.ia.installer.actions.InstallDirectory false /home/dre/Protege-2000/examples/newspaper
com.zerog.ia.installer.actions.InstallFile SF /home/dre/Protege-2000/examples/newspaper/newspaper.pins
com.zerog.ia.installer.actions.InstallFile SF /home/dre/Protege-2000/examples/newspaper/newspaper.pont
com.zerog.ia.installer.actions.InstallFile SF /home/dre/Protege-2000/examples/newspaper/newspaper.pprj
com.zerog.ia.installer.actions.InstallDirectory false /home/dre/Protege-2000/examples/newspaper_extended
com.zerog.ia.installer.actions.InstallFile SF /home/dre/Protege-2000/examples/newspaper_extended/diagram.pins
com.zerog.ia.installer.actions.InstallFile SF /home/dre/Protege-2000/examples/newspaper_extended/diagram.pont
com.zerog.ia.installer.actions.InstallFile SF /home/dre/Protege-2000/examples/newspaper_extended/diagram.pprj
com.zerog.ia.installer.actions.InstallFile SF /home/dre/Protege-2000/examples/newspaper_extended/newspaper_extended.pins
com.zerog.ia.installer.actions.InstallFile SF /home/dre/Protege-2000/examples/newspaper_extended/newspaper_extended.pont
com.zerog.ia.installer.actions.InstallFile SF /home/dre/Protege-2000/examples/newspaper_extended/newspaper_extended.pprj
com.zerog.ia.installer.actions.InstallFile SF /home/dre/Protege-2000/examples/newspaper_extended/tables.pins
com.zerog.ia.installer.actions.InstallFile SF /home/dre/Protege-2000/examples/newspaper_extended/tables.pont
com.zerog.ia.installer.actions.InstallFile SF /home/dre/Protege-2000/examples/newspaper_extended/tables.pprj
com.zerog.ia.installer.actions.InstallDirectory false /home/dre/Protege-2000/examples/rdf
com.zerog.ia.installer.actions.InstallFile SF /home/dre/Protege-2000/examples/rdf/MotorVehicle.pprj
com.zerog.ia.installer.actions.InstallFile SF /home/dre/Protege-2000/examples/rdf/MotorVehicle.rdf
com.zerog.ia.installer.actions.InstallFile SF /home/dre/Protege-2000/examples/rdf/MotorVehicle.rdfs
com.zerog.ia.installer.actions.InstallDirectory false /home/dre/Protege-2000/projects
com.zerog.ia.installer.actions.InstallDirectory false /home/dre/Protege-2000/projects/diagram_widget
com.zerog.ia.installer.actions.InstallFile SF /home/dre/Protege-2000/projects/diagram_widget/diagram.pins
com.zerog.ia.installer.actions.InstallFile SF /home/dre/Protege-2000/projects/diagram_widget/diagram.pont
com.zerog.ia.installer.actions.InstallFile SF /home/dre/Protege-2000/projects/diagram_widget/diagram.pprj
com.zerog.ia.installer.actions.InstallDirectory false /home/dre/Protege-2000/projects/pal_query
com.zerog.ia.installer.actions.InstallFile SF /home/dre/Protege-2000/projects/pal_query/pal_query.pins
com.zerog.ia.installer.actions.InstallFile SF /home/dre/Protege-2000/projects/pal_query/pal_query.pont
com.zerog.ia.installer.actions.InstallFile SF /home/dre/Protege-2000/projects/pal_query/pal_query.pprj
com.zerog.ia.installer.actions.InstallDirectory false /home/dre/Protege-2000/projects/table_widget
com.zerog.ia.installer.actions.InstallFile SF /home/dre/Protege-2000/projects/table_widget/table.pins
com.zerog.ia.installer.actions.InstallFile SF /home/dre/Protege-2000/projects/table_widget/table.pont
com.zerog.ia.installer.actions.InstallFile SF /home/dre/Protege-2000/projects/table_widget/table.pprj
com.zerog.ia.installer.actions.InstallDirectory false /home/dre/Protege-2000/doc
com.zerog.ia.installer.actions.InstallDirectory false /home/dre/Protege-2000/doc/tutorial
com.zerog.ia.installer.actions.InstallDirectory false /home/dre/Protege-2000/doc/tutorial/diagrams
com.zerog.ia.installer.actions.InstallFile SF /home/dre/Protege-2000/doc/tutorial/diagrams/acquiring_an_editor.gif
com.zerog.ia.installer.actions.InstallFile SF /home/dre/Protege-2000/doc/tutorial/diagrams/editor_in_forms_layout.gif
com.zerog.ia.installer.actions.InstallFile SF /home/dre/Protege-2000/doc/tutorial/diagrams/editor_in_ontology.gif
com.zerog.ia.installer.actions.InstallFile SF /home/dre/Protege-2000/doc/tutorial/diagrams/index.html
com.zerog.ia.installer.actions.InstallFile SF /home/dre/Protege-2000/doc/tutorial/diagrams/step1.gif
com.zerog.ia.installer.actions.InstallFile SF /home/dre/Protege-2000/doc/tutorial/diagrams/step2.gif
com.zerog.ia.installer.actions.InstallFile SF /home/dre/Protege-2000/doc/tutorial/diagrams/step3.gif
com.zerog.ia.installer.actions.InstallFile SF /home/dre/Protege-2000/doc/tutorial/diagrams/step4.gif
com.zerog.ia.installer.actions.InstallFile SF /home/dre/Protege-2000/doc/tutorial/diagrams/step5.gif
com.zerog.ia.installer.actions.InstallFile SF /home/dre/Protege-2000/doc/tutorial/diagrams/step6.gif
com.zerog.ia.installer.actions.InstallFile SF /home/dre/Protege-2000/doc/tutorial/diagrams/step7.gif
com.zerog.ia.installer.actions.InstallFile SF /home/dre/Protege-2000/doc/tutorial/diagrams/step8.gif
com.zerog.ia.installer.actions.InstallFile SF /home/dre/Protege-2000/doc/tutorial/diagrams/step9.gif
com.zerog.ia.installer.actions.InstallDirectory false /home/dre/Protege-2000/doc/tutorial/getting_started
com.zerog.ia.installer.actions.InstallFile SF /home/dre/Protege-2000/doc/tutorial/getting_started/create_class.html
com.zerog.ia.installer.actions.InstallFile SF /home/dre/Protege-2000/doc/tutorial/getting_started/create_proj.html
com.zerog.ia.installer.actions.InstallFile SF /home/dre/Protege-2000/doc/tutorial/getting_started/create_query.html
com.zerog.ia.installer.actions.InstallFile SF /home/dre/Protege-2000/doc/tutorial/getting_started/create_slot.html
com.zerog.ia.installer.actions.InstallFile SF /home/dre/Protege-2000/doc/tutorial/getting_started/custom_form.html
com.zerog.ia.installer.actions.InstallFile SF /home/dre/Protege-2000/doc/tutorial/getting_started/enter_instance.html
com.zerog.ia.installer.actions.InstallDirectory false /home/dre/Protege-2000/doc/tutorial/getting_started/images
com.zerog.ia.installer.actions.InstallFile SF /home/dre/Protege-2000/doc/tutorial/getting_started/images/create1.gif
com.zerog.ia.installer.actions.InstallFile SF /home/dre/Protege-2000/doc/tutorial/getting_started/images/create10.gif
com.zerog.ia.installer.actions.InstallFile SF /home/dre/Protege-2000/doc/tutorial/getting_started/images/create11.gif
com.zerog.ia.installer.actions.InstallFile SF /home/dre/Protege-2000/doc/tutorial/getting_started/images/create19.gif
com.zerog.ia.installer.actions.InstallFile SF /home/dre/Protege-2000/doc/tutorial/getting_started/images/create2.gif
com.zerog.ia.installer.actions.InstallFile SF /home/dre/Protege-2000/doc/tutorial/getting_started/images/create20.gif
com.zerog.ia.installer.actions.InstallFile SF /home/dre/Protege-2000/doc/tutorial/getting_started/images/create21.gif
com.zerog.ia.installer.actions.InstallFile SF /home/dre/Protege-2000/doc/tutorial/getting_started/images/create22.gif
com.zerog.ia.installer.actions.InstallFile SF /home/dre/Protege-2000/doc/tutorial/getting_started/images/create23.gif
com.zerog.ia.installer.actions.InstallFile SF /home/dre/Protege-2000/doc/tutorial/getting_started/images/create24.gif
com.zerog.ia.installer.actions.InstallFile SF /home/dre/Protege-2000/doc/tutorial/getting_started/images/create25.gif
com.zerog.ia.installer.actions.InstallFile SF /home/dre/Protege-2000/doc/tutorial/getting_started/images/create26.gif
com.zerog.ia.installer.actions.InstallFile SF /home/dre/Protege-2000/doc/tutorial/getting_started/images/create27.gif
com.zerog.ia.installer.actions.InstallFile SF /home/dre/Protege-2000/doc/tutorial/getting_started/images/create28.gif
com.zerog.ia.installer.actions.InstallFile SF /home/dre/Protege-2000/doc/tutorial/getting_started/images/create29.gif
com.zerog.ia.installer.actions.InstallFile SF /home/dre/Protege-2000/doc/tutorial/getting_started/images/create3.gif
com.zerog.ia.installer.actions.InstallFile SF /home/dre/Protege-2000/doc/tutorial/getting_started/images/create30.gif
com.zerog.ia.installer.actions.InstallFile SF /home/dre/Protege-2000/doc/tutorial/getting_started/images/create31.gif
com.zerog.ia.installer.actions.InstallFile SF /home/dre/Protege-2000/doc/tutorial/getting_started/images/create32.gif
com.zerog.ia.installer.actions.InstallFile SF /home/dre/Protege-2000/doc/tutorial/getting_started/images/create33.gif
com.zerog.ia.installer.actions.InstallFile SF /home/dre/Protege-2000/doc/tutorial/getting_started/images/create4.gif
com.zerog.ia.installer.actions.InstallFile SF /home/dre/Protege-2000/doc/tutorial/getting_started/images/create5.gif
com.zerog.ia.installer.actions.InstallFile SF /home/dre/Protege-2000/doc/tutorial/getting_started/images/create6.gif
com.zerog.ia.installer.actions.InstallFile SF /home/dre/Protege-2000/doc/tutorial/getting_started/images/create7.gif
com.zerog.ia.installer.actions.InstallFile SF /home/dre/Protege-2000/doc/tutorial/getting_started/images/create8.gif
com.zerog.ia.installer.actions.InstallFile SF /home/dre/Protege-2000/doc/tutorial/getting_started/images/create9.gif
com.zerog.ia.installer.actions.InstallFile SF /home/dre/Protege-2000/doc/tutorial/getting_started/images/custom4.gif
com.zerog.ia.installer.actions.InstallFile SF /home/dre/Protege-2000/doc/tutorial/getting_started/images/custom5.gif
com.zerog.ia.installer.actions.InstallFile SF /home/dre/Protege-2000/doc/tutorial/getting_started/images/custom6.gif
com.zerog.ia.installer.actions.InstallFile SF /home/dre/Protege-2000/doc/tutorial/getting_started/images/custom7.gif
com.zerog.ia.installer.actions.InstallFile SF /home/dre/Protege-2000/doc/tutorial/getting_started/images/custom8.gif
com.zerog.ia.installer.actions.InstallFile SF /home/dre/Protege-2000/doc/tutorial/getting_started/images/custom9.gif
com.zerog.ia.installer.actions.InstallFile SF /home/dre/Protege-2000/doc/tutorial/getting_started/images/enter_42.gif
com.zerog.ia.installer.actions.InstallFile SF /home/dre/Protege-2000/doc/tutorial/getting_started/images/enter_43.gif
com.zerog.ia.installer.actions.InstallFile SF /home/dre/Protege-2000/doc/tutorial/getting_started/images/enter_44.gif
com.zerog.ia.installer.actions.InstallFile SF /home/dre/Protege-2000/doc/tutorial/getting_started/images/enter_45.gif
com.zerog.ia.installer.actions.InstallFile SF /home/dre/Protege-2000/doc/tutorial/getting_started/images/enter_46.gif
com.zerog.ia.installer.actions.InstallFile SF /home/dre/Protege-2000/doc/tutorial/getting_started/images/forms_browser_key.gif
com.zerog.ia.installer.actions.InstallFile SF /home/dre/Protege-2000/doc/tutorial/getting_started/images/forms_instances.gif
com.zerog.ia.installer.actions.InstallFile SF /home/dre/Protege-2000/doc/tutorial/getting_started/images/forms_tab.gif
com.zerog.ia.installer.actions.InstallFile SF /home/dre/Protege-2000/doc/tutorial/getting_started/images/header_line.gif
com.zerog.ia.installer.actions.InstallFile SF /home/dre/Protege-2000/doc/tutorial/getting_started/images/newprojectbutton.gif
com.zerog.ia.installer.actions.InstallFile SF /home/dre/Protege-2000/doc/tutorial/getting_started/images/NewProjectScreen.gif
com.zerog.ia.installer.actions.InstallFile SF /home/dre/Protege-2000/doc/tutorial/getting_started/images/SaveChanges.gif
com.zerog.ia.installer.actions.InstallFile SF /home/dre/Protege-2000/doc/tutorial/getting_started/images/save_p1.gif
com.zerog.ia.installer.actions.InstallFile SF /home/dre/Protege-2000/doc/tutorial/getting_started/images/save_p2.gif
com.zerog.ia.installer.actions.InstallFile SF /home/dre/Protege-2000/doc/tutorial/getting_started/images/save_p3.gif
com.zerog.ia.installer.actions.InstallFile SF /home/dre/Protege-2000/doc/tutorial/getting_started/images/SelectFormat.gif
com.zerog.ia.installer.actions.InstallFile SF /home/dre/Protege-2000/doc/tutorial/getting_started/images/select_float.gif
com.zerog.ia.installer.actions.InstallFile SF /home/dre/Protege-2000/doc/tutorial/getting_started/images/serving_nerd.gif
com.zerog.ia.installer.actions.InstallFile SF /home/dre/Protege-2000/doc/tutorial/getting_started/images/slot_buttons.gif
com.zerog.ia.installer.actions.InstallFile SF /home/dre/Protege-2000/doc/tutorial/getting_started/images/slot_form_byname.gif
com.zerog.ia.installer.actions.InstallFile SF /home/dre/Protege-2000/doc/tutorial/getting_started/images/slot_form_generic.gif
com.zerog.ia.installer.actions.InstallFile SF /home/dre/Protege-2000/doc/tutorial/getting_started/images/slot_highlight_Auth.gif
com.zerog.ia.installer.actions.InstallFile SF /home/dre/Protege-2000/doc/tutorial/getting_started/images/slot_inherit.gif
com.zerog.ia.installer.actions.InstallFile SF /home/dre/Protege-2000/doc/tutorial/getting_started/images/slot_inherit_multiple.gif
com.zerog.ia.installer.actions.InstallFile SF /home/dre/Protege-2000/doc/tutorial/getting_started/images/slot_see_byname.gif
com.zerog.ia.installer.actions.InstallFile SF /home/dre/Protege-2000/doc/tutorial/getting_started/images/StartDialog.gif
com.zerog.ia.installer.actions.InstallFile SF /home/dre/Protege-2000/doc/tutorial/getting_started/index.html
com.zerog.ia.installer.actions.InstallFile SF /home/dre/Protege-2000/doc/tutorial/getting_started/save_proj.html
com.zerog.ia.installer.actions.InstallDirectory false /home/dre/Protege-2000/doc/tutorial/tables
com.zerog.ia.installer.actions.InstallFile SF /home/dre/Protege-2000/doc/tutorial/tables/acquiiring_an_editor.gif
com.zerog.ia.installer.actions.InstallFile SF /home/dre/Protege-2000/doc/tutorial/tables/editor_in_forms_layout.gif
com.zerog.ia.installer.actions.InstallFile SF /home/dre/Protege-2000/doc/tutorial/tables/editor_in_ontology.gif
com.zerog.ia.installer.actions.InstallFile SF /home/dre/Protege-2000/doc/tutorial/tables/index.html
com.zerog.ia.installer.actions.InstallFile SF /home/dre/Protege-2000/doc/tutorial/tables/step1.gif
com.zerog.ia.installer.actions.InstallFile SF /home/dre/Protege-2000/doc/tutorial/tables/step10.gif
com.zerog.ia.installer.actions.InstallFile SF /home/dre/Protege-2000/doc/tutorial/tables/step11.gif
com.zerog.ia.installer.actions.InstallFile SF /home/dre/Protege-2000/doc/tutorial/tables/step12.gif
com.zerog.ia.installer.actions.InstallFile SF /home/dre/Protege-2000/doc/tutorial/tables/step2.gif
com.zerog.ia.installer.actions.InstallFile SF /home/dre/Protege-2000/doc/tutorial/tables/step3.gif
com.zerog.ia.installer.actions.InstallFile SF /home/dre/Protege-2000/doc/tutorial/tables/step4.gif
com.zerog.ia.installer.actions.InstallFile SF /home/dre/Protege-2000/doc/tutorial/tables/step6.gif
com.zerog.ia.installer.actions.InstallFile SF /home/dre/Protege-2000/doc/tutorial/tables/step6_sidenote.gif
com.zerog.ia.installer.actions.InstallFile SF /home/dre/Protege-2000/doc/tutorial/tables/step7.gif
com.zerog.ia.installer.actions.InstallFile SF /home/dre/Protege-2000/doc/tutorial/tables/step8.gif
com.zerog.ia.installer.actions.InstallFile SF /home/dre/Protege-2000/doc/tutorial/tables/step9.gif
com.zerog.ia.installer.actions.InstallDirectory false /home/dre/Protege-2000/doc/users_guide
com.zerog.ia.installer.actions.InstallDirectory false /home/dre/Protege-2000/doc/users_guide/classes
com.zerog.ia.installer.actions.InstallFile SF /home/dre/Protege-2000/doc/users_guide/classes/adding_a_parent.html
com.zerog.ia.installer.actions.InstallFile SF /home/dre/Protege-2000/doc/users_guide/classes/back_references_pane.html
com.zerog.ia.installer.actions.InstallFile SF /home/dre/Protege-2000/doc/users_guide/classes/classes_tab.html
com.zerog.ia.installer.actions.InstallFile SF /home/dre/Protege-2000/doc/users_guide/classes/class_buttons.html
com.zerog.ia.installer.actions.InstallFile SF /home/dre/Protege-2000/doc/users_guide/classes/class_form.html
com.zerog.ia.installer.actions.InstallFile SF /home/dre/Protege-2000/doc/users_guide/classes/class_icons.html
com.zerog.ia.installer.actions.InstallFile SF /home/dre/Protege-2000/doc/users_guide/classes/class_relationship_pane.html
com.zerog.ia.installer.actions.InstallFile SF /home/dre/Protege-2000/doc/users_guide/classes/class_window.html
com.zerog.ia.installer.actions.InstallFile SF /home/dre/Protege-2000/doc/users_guide/classes/creating_a_class.html
com.zerog.ia.installer.actions.InstallFile SF /home/dre/Protege-2000/doc/users_guide/classes/deleting_a_class.html
com.zerog.ia.installer.actions.InstallFile SF /home/dre/Protege-2000/doc/users_guide/classes/editing_a_class.html
com.zerog.ia.installer.actions.InstallFile SF /home/dre/Protege-2000/doc/users_guide/classes/finding_a_class.html
com.zerog.ia.installer.actions.InstallDirectory false /home/dre/Protege-2000/doc/users_guide/classes/images
com.zerog.ia.installer.actions.InstallFile SF /home/dre/Protege-2000/doc/users_guide/classes/images/Abstract.gif
com.zerog.ia.installer.actions.InstallFile SF /home/dre/Protege-2000/doc/users_guide/classes/images/Add.gif
com.zerog.ia.installer.actions.InstallFile SF /home/dre/Protege-2000/doc/users_guide/classes/images/allowed_parents.gif
com.zerog.ia.installer.actions.InstallFile SF /home/dre/Protege-2000/doc/users_guide/classes/images/Boolean_False.gif
com.zerog.ia.installer.actions.InstallFile SF /home/dre/Protege-2000/doc/users_guide/classes/images/Boolean_True.gif
com.zerog.ia.installer.actions.InstallFile SF /home/dre/Protege-2000/doc/users_guide/classes/images/Cascade.gif
com.zerog.ia.installer.actions.InstallFile SF /home/dre/Protege-2000/doc/users_guide/classes/images/Class.gif
com.zerog.ia.installer.actions.InstallFile SF /home/dre/Protege-2000/doc/users_guide/classes/images/ClassButtons.gif
com.zerog.ia.installer.actions.InstallFile SF /home/dre/Protege-2000/doc/users_guide/classes/images/ClassReferences.gif
com.zerog.ia.installer.actions.InstallFile SF /home/dre/Protege-2000/doc/users_guide/classes/images/class_created.gif
com.zerog.ia.installer.actions.InstallFile SF /home/dre/Protege-2000/doc/users_guide/classes/images/class_edit_create.gif
com.zerog.ia.installer.actions.InstallFile SF /home/dre/Protege-2000/doc/users_guide/classes/images/Class_edit_pane.gif
com.zerog.ia.installer.actions.InstallFile SF /home/dre/Protege-2000/doc/users_guide/classes/images/class_form.gif
com.zerog.ia.installer.actions.InstallFile SF /home/dre/Protege-2000/doc/users_guide/classes/images/class_relationship_pane.gif
com.zerog.ia.installer.actions.InstallFile SF /home/dre/Protege-2000/doc/users_guide/classes/images/Class_tab.gif
com.zerog.ia.installer.actions.InstallFile SF /home/dre/Protege-2000/doc/users_guide/classes/images/CloseAllWindows.gif
com.zerog.ia.installer.actions.InstallFile SF /home/dre/Protege-2000/doc/users_guide/classes/images/Collapse.gif
com.zerog.ia.installer.actions.InstallFile SF /home/dre/Protege-2000/doc/users_guide/classes/images/Create.gif
com.zerog.ia.installer.actions.InstallFile SF /home/dre/Protege-2000/doc/users_guide/classes/images/CreateSlot.gif
com.zerog.ia.installer.actions.InstallFile SF /home/dre/Protege-2000/doc/users_guide/classes/images/create_subclass.gif
com.zerog.ia.installer.actions.InstallFile SF /home/dre/Protege-2000/doc/users_guide/classes/images/Delete.gif
com.zerog.ia.installer.actions.InstallFile SF /home/dre/Protege-2000/doc/users_guide/classes/images/Expand.gif
com.zerog.ia.installer.actions.InstallFile SF /home/dre/Protege-2000/doc/users_guide/classes/images/Find.gif
com.zerog.ia.installer.actions.InstallFile SF /home/dre/Protege-2000/doc/users_guide/classes/images/header_line.gif
com.zerog.ia.installer.actions.InstallFile SF /home/dre/Protege-2000/doc/users_guide/classes/images/HiddenClass.gif
com.zerog.ia.installer.actions.InstallFile SF /home/dre/Protege-2000/doc/users_guide/classes/images/Hierarchy_closed.gif
com.zerog.ia.installer.actions.InstallFile SF /home/dre/Protege-2000/doc/users_guide/classes/images/Hierarchy_open.gif
com.zerog.ia.installer.actions.InstallFile SF /home/dre/Protege-2000/doc/users_guide/classes/images/LookupBar.gif
com.zerog.ia.installer.actions.InstallFile SF /home/dre/Protege-2000/doc/users_guide/classes/images/LookupBarInContext.gif
com.zerog.ia.installer.actions.InstallFile SF /home/dre/Protege-2000/doc/users_guide/classes/images/Metaclass.gif
com.zerog.ia.installer.actions.InstallFile SF /home/dre/Protege-2000/doc/users_guide/classes/images/multiple.gif
com.zerog.ia.installer.actions.InstallFile SF /home/dre/Protege-2000/doc/users_guide/classes/images/OverriddenSlot.gif
com.zerog.ia.installer.actions.InstallFile SF /home/dre/Protege-2000/doc/users_guide/classes/images/ReadonlyClass.gif
com.zerog.ia.installer.actions.InstallFile SF /home/dre/Protege-2000/doc/users_guide/classes/images/RelationshipMenu.gif
com.zerog.ia.installer.actions.InstallFile SF /home/dre/Protege-2000/doc/users_guide/classes/images/Remove.gif
com.zerog.ia.installer.actions.InstallFile SF /home/dre/Protege-2000/doc/users_guide/classes/images/RemoveSlotOverride.gif
com.zerog.ia.installer.actions.InstallFile SF /home/dre/Protege-2000/doc/users_guide/classes/images/replace_parent1.gif
com.zerog.ia.installer.actions.InstallFile SF /home/dre/Protege-2000/doc/users_guide/classes/images/replace_parent2.gif
com.zerog.ia.installer.actions.InstallFile SF /home/dre/Protege-2000/doc/users_guide/classes/images/SelectClasses.gif
com.zerog.ia.installer.actions.InstallFile SF /home/dre/Protege-2000/doc/users_guide/classes/images/serving_nerd.gif
com.zerog.ia.installer.actions.InstallFile SF /home/dre/Protege-2000/doc/users_guide/classes/images/SlotButtons.gif
com.zerog.ia.installer.actions.InstallFile SF /home/dre/Protege-2000/doc/users_guide/classes/images/SlotDirect.gif
com.zerog.ia.installer.actions.InstallFile SF /home/dre/Protege-2000/doc/users_guide/classes/images/SlotInherited.gif
com.zerog.ia.installer.actions.InstallFile SF /home/dre/Protege-2000/doc/users_guide/classes/images/SlotsTab.gif
com.zerog.ia.installer.actions.InstallFile SF /home/dre/Protege-2000/doc/users_guide/classes/images/slot_form.gif
com.zerog.ia.installer.actions.InstallFile SF /home/dre/Protege-2000/doc/users_guide/classes/images/slot_relationship.gif
com.zerog.ia.installer.actions.InstallFile SF /home/dre/Protege-2000/doc/users_guide/classes/images/superclass_context2.gif
com.zerog.ia.installer.actions.InstallFile SF /home/dre/Protege-2000/doc/users_guide/classes/images/Superclass_in_context.gif
com.zerog.ia.installer.actions.InstallFile SF /home/dre/Protege-2000/doc/users_guide/classes/images/superclass_menu.gif
com.zerog.ia.installer.actions.InstallFile SF /home/dre/Protege-2000/doc/users_guide/classes/images/template_slots.gif
com.zerog.ia.installer.actions.InstallFile SF /home/dre/Protege-2000/doc/users_guide/classes/images/Value_instance1.gif
com.zerog.ia.installer.actions.InstallFile SF /home/dre/Protege-2000/doc/users_guide/classes/images/Value_Instance2.gif
com.zerog.ia.installer.actions.InstallFile SF /home/dre/Protege-2000/doc/users_guide/classes/images/Value_Instance3.gif
com.zerog.ia.installer.actions.InstallFile SF /home/dre/Protege-2000/doc/users_guide/classes/images/Value_Instance4.gif
com.zerog.ia.installer.actions.InstallFile SF /home/dre/Protege-2000/doc/users_guide/classes/images/Value_Symbol1.gif
com.zerog.ia.installer.actions.InstallFile SF /home/dre/Protege-2000/doc/users_guide/classes/images/Value_Symbol2.gif
com.zerog.ia.installer.actions.InstallFile SF /home/dre/Protege-2000/doc/users_guide/classes/images/Value_Symbol3.gif
com.zerog.ia.installer.actions.InstallFile SF /home/dre/Protege-2000/doc/users_guide/classes/images/Value_Type.gif
com.zerog.ia.installer.actions.InstallFile SF /home/dre/Protege-2000/doc/users_guide/classes/images/View.gif
com.zerog.ia.installer.actions.InstallFile SF /home/dre/Protege-2000/doc/users_guide/classes/images/viewin5.gif
com.zerog.ia.installer.actions.InstallFile SF /home/dre/Protege-2000/doc/users_guide/classes/images/ViewSlotAtClass.gif
com.zerog.ia.installer.actions.InstallFile SF /home/dre/Protege-2000/doc/users_guide/classes/images/ViewTopLevelSlot.gif
com.zerog.ia.installer.actions.InstallFile SF /home/dre/Protege-2000/doc/users_guide/classes/index.html
com.zerog.ia.installer.actions.InstallFile SF /home/dre/Protege-2000/doc/users_guide/classes/index_long.html
com.zerog.ia.installer.actions.InstallFile SF /home/dre/Protege-2000/doc/users_guide/classes/jumping_to_a_parent.html
com.zerog.ia.installer.actions.InstallDirectory false /home/dre/Protege-2000/doc/users_guide/classes/metaclasses
com.zerog.ia.installer.actions.InstallFile SF /home/dre/Protege-2000/doc/users_guide/classes/metaclasses/change_meta.html
com.zerog.ia.installer.actions.InstallFile SF /home/dre/Protege-2000/doc/users_guide/classes/metaclasses/change_meta_sub.html
com.zerog.ia.installer.actions.InstallFile SF /home/dre/Protege-2000/doc/users_guide/classes/metaclasses/create_class_use_meta.html
com.zerog.ia.installer.actions.InstallDirectory false /home/dre/Protege-2000/doc/users_guide/classes/metaclasses/images
com.zerog.ia.installer.actions.InstallFile SF /home/dre/Protege-2000/doc/users_guide/classes/metaclasses/images/change3.gif
com.zerog.ia.installer.actions.InstallFile SF /home/dre/Protege-2000/doc/users_guide/classes/metaclasses/images/change5.gif
com.zerog.ia.installer.actions.InstallFile SF /home/dre/Protege-2000/doc/users_guide/classes/metaclasses/images/change6.gif
com.zerog.ia.installer.actions.InstallFile SF /home/dre/Protege-2000/doc/users_guide/classes/metaclasses/images/create1.gif
com.zerog.ia.installer.actions.InstallFile SF /home/dre/Protege-2000/doc/users_guide/classes/metaclasses/images/create2.gif
com.zerog.ia.installer.actions.InstallFile SF /home/dre/Protege-2000/doc/users_guide/classes/metaclasses/images/create3.gif
com.zerog.ia.installer.actions.InstallFile SF /home/dre/Protege-2000/doc/users_guide/classes/metaclasses/images/create4.gif
com.zerog.ia.installer.actions.InstallFile SF /home/dre/Protege-2000/doc/users_guide/classes/metaclasses/images/metacl1.gif
com.zerog.ia.installer.actions.InstallFile SF /home/dre/Protege-2000/doc/users_guide/classes/metaclasses/images/metacl2.gif
com.zerog.ia.installer.actions.InstallFile SF /home/dre/Protege-2000/doc/users_guide/classes/metaclasses/images/metacl3.gif
com.zerog.ia.installer.actions.InstallFile SF /home/dre/Protege-2000/doc/users_guide/classes/metaclasses/images/metacl4.gif
com.zerog.ia.installer.actions.InstallFile SF /home/dre/Protege-2000/doc/users_guide/classes/metaclasses/images/metacl5.gif
com.zerog.ia.installer.actions.InstallFile SF /home/dre/Protege-2000/doc/users_guide/classes/metaclasses/images/metacl6.gif
com.zerog.ia.installer.actions.InstallFile SF /home/dre/Protege-2000/doc/users_guide/classes/metaclasses/images/sub_change1.gif
com.zerog.ia.installer.actions.InstallFile SF /home/dre/Protege-2000/doc/users_guide/classes/metaclasses/images/sub_change2.gif
com.zerog.ia.installer.actions.InstallFile SF /home/dre/Protege-2000/doc/users_guide/classes/metaclasses/metaclass_create.html
com.zerog.ia.installer.actions.InstallFile SF /home/dre/Protege-2000/doc/users_guide/classes/metaclasses/metaclass_intro.html
com.zerog.ia.installer.actions.InstallFile SF /home/dre/Protege-2000/doc/users_guide/classes/metaclasses/metaclass_make.html
com.zerog.ia.installer.actions.InstallFile SF /home/dre/Protege-2000/doc/users_guide/classes/removing_a_parent.html
com.zerog.ia.installer.actions.InstallFile SF /home/dre/Protege-2000/doc/users_guide/classes/replacing_a_parent.html
com.zerog.ia.installer.actions.InstallFile SF /home/dre/Protege-2000/doc/users_guide/classes/superclasses_pane.html
com.zerog.ia.installer.actions.InstallFile SF /home/dre/Protege-2000/doc/users_guide/classes/template_slot_buttons.html
com.zerog.ia.installer.actions.InstallFile SF /home/dre/Protege-2000/doc/users_guide/classes/template_slot_pane.html
com.zerog.ia.installer.actions.InstallFile SF /home/dre/Protege-2000/doc/users_guide/classes/viewing_backreferences.html
com.zerog.ia.installer.actions.InstallFile SF /home/dre/Protege-2000/doc/users_guide/classes/viewing_referenced_classes.html
com.zerog.ia.installer.actions.InstallDirectory false /home/dre/Protege-2000/doc/users_guide/classes/_borders
com.zerog.ia.installer.actions.InstallFile SF /home/dre/Protege-2000/doc/users_guide/classes/_borders/bottom.htm
com.zerog.ia.installer.actions.InstallFile SF /home/dre/Protege-2000/doc/users_guide/classes/_borders/top.htm
com.zerog.ia.installer.actions.InstallDirectory false /home/dre/Protege-2000/doc/users_guide/classes/_derived
com.zerog.ia.installer.actions.InstallFile SF /home/dre/Protege-2000/doc/users_guide/classes/_derived/classes_tab.html_txt_class_tab.gif
com.zerog.ia.installer.actions.InstallFile SF /home/dre/Protege-2000/doc/users_guide/classes/_derived/class_relationship_pane.html_txt_class_relationship_pane.gif
com.zerog.ia.installer.actions.InstallFile SF /home/dre/Protege-2000/doc/users_guide/classes/_derived/superclasses_pane.html_txt_superclass_context2.gif
com.zerog.ia.installer.actions.InstallDirectory false /home/dre/Protege-2000/doc/users_guide/classes/_overlay
com.zerog.ia.installer.actions.InstallFile SF /home/dre/Protege-2000/doc/users_guide/classes/_overlay/classes_tab.html_txt_class_tab.gif
com.zerog.ia.installer.actions.InstallFile SF /home/dre/Protege-2000/doc/users_guide/classes/_overlay/class_relationship_pane.html_txt_class_relationship_pane.gif
com.zerog.ia.installer.actions.InstallFile SF /home/dre/Protege-2000/doc/users_guide/classes/_overlay/superclasses_pane.html_txt_superclass_context2.gif
com.zerog.ia.installer.actions.InstallFile SF /home/dre/Protege-2000/doc/users_guide/constraints.html
com.zerog.ia.installer.actions.InstallDirectory false /home/dre/Protege-2000/doc/users_guide/forms
com.zerog.ia.installer.actions.InstallFile SF /home/dre/Protege-2000/doc/users_guide/forms/browser_key.html
com.zerog.ia.installer.actions.InstallFile SF /home/dre/Protege-2000/doc/users_guide/forms/changing_form_characteristics.html
com.zerog.ia.installer.actions.InstallFile SF /home/dre/Protege-2000/doc/users_guide/forms/forms_pane.html
com.zerog.ia.installer.actions.InstallFile SF /home/dre/Protege-2000/doc/users_guide/forms/forms_tab.html
com.zerog.ia.installer.actions.InstallFile SF /home/dre/Protege-2000/doc/users_guide/forms/form_buttons.html
com.zerog.ia.installer.actions.InstallFile SF /home/dre/Protege-2000/doc/users_guide/forms/form_configuration.html
com.zerog.ia.installer.actions.InstallFile SF /home/dre/Protege-2000/doc/users_guide/forms/form_edit_pane.html
com.zerog.ia.installer.actions.InstallDirectory false /home/dre/Protege-2000/doc/users_guide/forms/images
com.zerog.ia.installer.actions.InstallFile SF /home/dre/Protege-2000/doc/users_guide/forms/images/browse_form.gif
com.zerog.ia.installer.actions.InstallFile SF /home/dre/Protege-2000/doc/users_guide/forms/images/browse_instance.gif
com.zerog.ia.installer.actions.InstallFile SF /home/dre/Protege-2000/doc/users_guide/forms/images/combobox.gif
com.zerog.ia.installer.actions.InstallFile SF /home/dre/Protege-2000/doc/users_guide/forms/images/configure_widget_button.gif
com.zerog.ia.installer.actions.InstallFile SF /home/dre/Protege-2000/doc/users_guide/forms/images/configure_widget_general.gif
com.zerog.ia.installer.actions.InstallFile SF /home/dre/Protege-2000/doc/users_guide/forms/images/CustomizedForm.gif
com.zerog.ia.installer.actions.InstallFile SF /home/dre/Protege-2000/doc/users_guide/forms/images/forms_pane.gif
com.zerog.ia.installer.actions.InstallFile SF /home/dre/Protege-2000/doc/users_guide/forms/images/forms_tab.gif
com.zerog.ia.installer.actions.InstallFile SF /home/dre/Protege-2000/doc/users_guide/forms/images/form_configure_layout.gif
com.zerog.ia.installer.actions.InstallFile SF /home/dre/Protege-2000/doc/users_guide/forms/images/form_configure_widget.gif
com.zerog.ia.installer.actions.InstallFile SF /home/dre/Protege-2000/doc/users_guide/forms/images/form_e3.gif
com.zerog.ia.installer.actions.InstallFile SF /home/dre/Protege-2000/doc/users_guide/forms/images/header_line.gif
com.zerog.ia.installer.actions.InstallFile SF /home/dre/Protege-2000/doc/users_guide/forms/images/instances_tab.gif
com.zerog.ia.installer.actions.InstallFile SF /home/dre/Protege-2000/doc/users_guide/forms/images/LayoutLikeOtherForm.gif
com.zerog.ia.installer.actions.InstallFile SF /home/dre/Protege-2000/doc/users_guide/forms/images/LayoutLikeParent.gif
com.zerog.ia.installer.actions.InstallFile SF /home/dre/Protege-2000/doc/users_guide/forms/images/NewspaperForm.gif
com.zerog.ia.installer.actions.InstallFile SF /home/dre/Protege-2000/doc/users_guide/forms/images/radio.gif
com.zerog.ia.installer.actions.InstallFile SF /home/dre/Protege-2000/doc/users_guide/forms/images/Relayout.gif
com.zerog.ia.installer.actions.InstallFile SF /home/dre/Protege-2000/doc/users_guide/forms/images/RemoveCustomizations.gif
com.zerog.ia.installer.actions.InstallFile SF /home/dre/Protege-2000/doc/users_guide/forms/images/running_nerd.gif
com.zerog.ia.installer.actions.InstallFile SF /home/dre/Protege-2000/doc/users_guide/forms/images/tab.gif
com.zerog.ia.installer.actions.InstallFile SF /home/dre/Protege-2000/doc/users_guide/forms/images/table_widget.gif
com.zerog.ia.installer.actions.InstallFile SF /home/dre/Protege-2000/doc/users_guide/forms/images/widget_menu.gif
com.zerog.ia.installer.actions.InstallFile SF /home/dre/Protege-2000/doc/users_guide/forms/index.html
com.zerog.ia.installer.actions.InstallFile SF /home/dre/Protege-2000/doc/users_guide/forms/index_long.html
com.zerog.ia.installer.actions.InstallFile SF /home/dre/Protege-2000/doc/users_guide/forms/modifying_controls_appearance.html
com.zerog.ia.installer.actions.InstallFile SF /home/dre/Protege-2000/doc/users_guide/forms/select_widget_type.html
com.zerog.ia.installer.actions.InstallFile SF /home/dre/Protege-2000/doc/users_guide/forms/understanding_forms.html
com.zerog.ia.installer.actions.InstallFile SF /home/dre/Protege-2000/doc/users_guide/forms/widget_configuration.html
com.zerog.ia.installer.actions.InstallFile SF /home/dre/Protege-2000/doc/users_guide/forms/widget_types.html
com.zerog.ia.installer.actions.InstallFile SF /home/dre/Protege-2000/doc/users_guide/forms/widget_type_menu.html
com.zerog.ia.installer.actions.InstallDirectory false /home/dre/Protege-2000/doc/users_guide/forms/_derived
com.zerog.ia.installer.actions.InstallFile SF /home/dre/Protege-2000/doc/users_guide/forms/_derived/form_edit_pane.html_txt_form_e3.gif
com.zerog.ia.installer.actions.InstallDirectory false /home/dre/Protege-2000/doc/users_guide/forms/_overlay
com.zerog.ia.installer.actions.InstallFile SF /home/dre/Protege-2000/doc/users_guide/forms/_overlay/form_edit_pane.html_txt_form_e3.gif
com.zerog.ia.installer.actions.InstallFile SF /home/dre/Protege-2000/doc/users_guide/glossary.html
com.zerog.ia.installer.actions.InstallDirectory false /home/dre/Protege-2000/doc/users_guide/images
com.zerog.ia.installer.actions.InstallFile SF /home/dre/Protege-2000/doc/users_guide/images/BackReferences.gif
com.zerog.ia.installer.actions.InstallFile SF /home/dre/Protege-2000/doc/users_guide/images/header_line.gif
com.zerog.ia.installer.actions.InstallFile SF /home/dre/Protege-2000/doc/users_guide/images/nerd.gif
com.zerog.ia.installer.actions.InstallFile SF /home/dre/Protege-2000/doc/users_guide/images/process.gif
com.zerog.ia.installer.actions.InstallFile SF /home/dre/Protege-2000/doc/users_guide/images/UpdateWinProject.gif
com.zerog.ia.installer.actions.InstallFile SF /home/dre/Protege-2000/doc/users_guide/index.html
com.zerog.ia.installer.actions.InstallDirectory false /home/dre/Protege-2000/doc/users_guide/instances
com.zerog.ia.installer.actions.InstallFile SF /home/dre/Protege-2000/doc/users_guide/instances/boolean_widgets.html
com.zerog.ia.installer.actions.InstallFile SF /home/dre/Protege-2000/doc/users_guide/instances/class_pane_at_instances.html
com.zerog.ia.installer.actions.InstallFile SF /home/dre/Protege-2000/doc/users_guide/instances/class_widgets.html
com.zerog.ia.installer.actions.InstallFile SF /home/dre/Protege-2000/doc/users_guide/instances/creating_an_instance.html
com.zerog.ia.installer.actions.InstallFile SF /home/dre/Protege-2000/doc/users_guide/instances/creating_a_widget_instance.html
com.zerog.ia.installer.actions.InstallFile SF /home/dre/Protege-2000/doc/users_guide/instances/deleting_an_instance.html
com.zerog.ia.installer.actions.InstallFile SF /home/dre/Protege-2000/doc/users_guide/instances/editing_an_instance.html
com.zerog.ia.installer.actions.InstallFile SF /home/dre/Protege-2000/doc/users_guide/instances/field_buttons.html
com.zerog.ia.installer.actions.InstallFile SF /home/dre/Protege-2000/doc/users_guide/instances/finding_an_instance.html
com.zerog.ia.installer.actions.InstallFile SF /home/dre/Protege-2000/doc/users_guide/instances/float_widgets.html
com.zerog.ia.installer.actions.InstallDirectory false /home/dre/Protege-2000/doc/users_guide/instances/images
com.zerog.ia.installer.actions.InstallFile SF /home/dre/Protege-2000/doc/users_guide/instances/images/Abstract.gif
com.zerog.ia.installer.actions.InstallFile SF /home/dre/Protege-2000/doc/users_guide/instances/images/Add.gif
com.zerog.ia.installer.actions.InstallFile SF /home/dre/Protege-2000/doc/users_guide/instances/images/BadFloat.gif
com.zerog.ia.installer.actions.InstallFile SF /home/dre/Protege-2000/doc/users_guide/instances/images/BadInteger.gif
com.zerog.ia.installer.actions.InstallFile SF /home/dre/Protege-2000/doc/users_guide/instances/images/Boolean_False.gif
com.zerog.ia.installer.actions.InstallFile SF /home/dre/Protege-2000/doc/users_guide/instances/images/Boolean_True.gif
com.zerog.ia.installer.actions.InstallFile SF /home/dre/Protege-2000/doc/users_guide/instances/images/Class.gif
com.zerog.ia.installer.actions.InstallFile SF /home/dre/Protege-2000/doc/users_guide/instances/images/ClassInstance.gif
com.zerog.ia.installer.actions.InstallFile SF /home/dre/Protege-2000/doc/users_guide/instances/images/classmult.gif
com.zerog.ia.installer.actions.InstallFile SF /home/dre/Protege-2000/doc/users_guide/instances/images/ClassWidget.gif
com.zerog.ia.installer.actions.InstallFile SF /home/dre/Protege-2000/doc/users_guide/instances/images/Create.gif
com.zerog.ia.installer.actions.InstallFile SF /home/dre/Protege-2000/doc/users_guide/instances/images/creati5.gif
com.zerog.ia.installer.actions.InstallFile SF /home/dre/Protege-2000/doc/users_guide/instances/images/creati6.gif
com.zerog.ia.installer.actions.InstallFile SF /home/dre/Protege-2000/doc/users_guide/instances/images/creati7.gif
com.zerog.ia.installer.actions.InstallFile SF /home/dre/Protege-2000/doc/users_guide/instances/images/creati8.gif
com.zerog.ia.installer.actions.InstallFile SF /home/dre/Protege-2000/doc/users_guide/instances/images/creati9.gif
com.zerog.ia.installer.actions.InstallFile SF /home/dre/Protege-2000/doc/users_guide/instances/images/Delete.gif
com.zerog.ia.installer.actions.InstallFile SF /home/dre/Protege-2000/doc/users_guide/instances/images/FieldButtons.gif
com.zerog.ia.installer.actions.InstallFile SF /home/dre/Protege-2000/doc/users_guide/instances/images/find.gif
com.zerog.ia.installer.actions.InstallFile SF /home/dre/Protege-2000/doc/users_guide/instances/images/findin6.gif
com.zerog.ia.installer.actions.InstallFile SF /home/dre/Protege-2000/doc/users_guide/instances/images/FloatMultiple.gif
com.zerog.ia.installer.actions.InstallFile SF /home/dre/Protege-2000/doc/users_guide/instances/images/FloatSingle.gif
com.zerog.ia.installer.actions.InstallFile SF /home/dre/Protege-2000/doc/users_guide/instances/images/header_line.gif
com.zerog.ia.installer.actions.InstallFile SF /home/dre/Protege-2000/doc/users_guide/instances/images/HiddenClass.gif
com.zerog.ia.installer.actions.InstallFile SF /home/dre/Protege-2000/doc/users_guide/instances/images/Hierarchy_closed.gif
com.zerog.ia.installer.actions.InstallFile SF /home/dre/Protege-2000/doc/users_guide/instances/images/Hierarchy_open.gif
com.zerog.ia.installer.actions.InstallFile SF /home/dre/Protege-2000/doc/users_guide/instances/images/Instance.gif
com.zerog.ia.installer.actions.InstallFile SF /home/dre/Protege-2000/doc/users_guide/instances/images/InstanceButtons.gif
com.zerog.ia.installer.actions.InstallFile SF /home/dre/Protege-2000/doc/users_guide/instances/images/InstanceForm.gif
com.zerog.ia.installer.actions.InstallFile SF /home/dre/Protege-2000/doc/users_guide/instances/images/InstanceMultiple.gif
com.zerog.ia.installer.actions.InstallFile SF /home/dre/Protege-2000/doc/users_guide/instances/images/InstancePane.gif
com.zerog.ia.installer.actions.InstallFile SF /home/dre/Protege-2000/doc/users_guide/instances/images/InstancesTab.gif
com.zerog.ia.installer.actions.InstallFile SF /home/dre/Protege-2000/doc/users_guide/instances/images/InstanceWidget.gif
com.zerog.ia.installer.actions.InstallFile SF /home/dre/Protege-2000/doc/users_guide/instances/images/IntegerMultiple.gif
com.zerog.ia.installer.actions.InstallFile SF /home/dre/Protege-2000/doc/users_guide/instances/images/IntegerSingle.gif
com.zerog.ia.installer.actions.InstallFile SF /home/dre/Protege-2000/doc/users_guide/instances/images/LookupBar.gif
com.zerog.ia.installer.actions.InstallFile SF /home/dre/Protege-2000/doc/users_guide/instances/images/multiple.gif
com.zerog.ia.installer.actions.InstallFile SF /home/dre/Protege-2000/doc/users_guide/instances/images/ReadonlyInstance.gif
com.zerog.ia.installer.actions.InstallFile SF /home/dre/Protege-2000/doc/users_guide/instances/images/Remove.gif
com.zerog.ia.installer.actions.InstallFile SF /home/dre/Protege-2000/doc/users_guide/instances/images/StringMultiple.gif
com.zerog.ia.installer.actions.InstallFile SF /home/dre/Protege-2000/doc/users_guide/instances/images/StringSingle.gif
com.zerog.ia.installer.actions.InstallFile SF /home/dre/Protege-2000/doc/users_guide/instances/images/Symbol.gif
com.zerog.ia.installer.actions.InstallFile SF /home/dre/Protege-2000/doc/users_guide/instances/images/SymbolSingle1.gif
com.zerog.ia.installer.actions.InstallFile SF /home/dre/Protege-2000/doc/users_guide/instances/images/SymbolSingle2.gif
com.zerog.ia.installer.actions.InstallFile SF /home/dre/Protege-2000/doc/users_guide/instances/images/View.gif
com.zerog.ia.installer.actions.InstallFile SF /home/dre/Protege-2000/doc/users_guide/instances/images/writing_nerd.gif
com.zerog.ia.installer.actions.InstallFile SF /home/dre/Protege-2000/doc/users_guide/instances/index.html
com.zerog.ia.installer.actions.InstallFile SF /home/dre/Protege-2000/doc/users_guide/instances/instances_form.html
com.zerog.ia.installer.actions.InstallFile SF /home/dre/Protege-2000/doc/users_guide/instances/instances_pane.html
com.zerog.ia.installer.actions.InstallFile SF /home/dre/Protege-2000/doc/users_guide/instances/instances_tab.html
com.zerog.ia.installer.actions.InstallFile SF /home/dre/Protege-2000/doc/users_guide/instances/instance_buttons.html
com.zerog.ia.installer.actions.InstallFile SF /home/dre/Protege-2000/doc/users_guide/instances/instance_widgets.html
com.zerog.ia.installer.actions.InstallFile SF /home/dre/Protege-2000/doc/users_guide/instances/integer_widgets.html
com.zerog.ia.installer.actions.InstallFile SF /home/dre/Protege-2000/doc/users_guide/instances/moving_an_instance.html
com.zerog.ia.installer.actions.InstallFile SF /home/dre/Protege-2000/doc/users_guide/instances/standard_fields.html
com.zerog.ia.installer.actions.InstallFile SF /home/dre/Protege-2000/doc/users_guide/instances/string_widgets.html
com.zerog.ia.installer.actions.InstallFile SF /home/dre/Protege-2000/doc/users_guide/instances/symbol_widgets.html
com.zerog.ia.installer.actions.InstallDirectory false /home/dre/Protege-2000/doc/users_guide/instances/_derived
com.zerog.ia.installer.actions.InstallFile SF /home/dre/Protege-2000/doc/users_guide/instances/_derived/instances_tab.html_txt_InstancesTab.gif
com.zerog.ia.installer.actions.InstallDirectory false /home/dre/Protege-2000/doc/users_guide/instances/_overlay
com.zerog.ia.installer.actions.InstallFile SF /home/dre/Protege-2000/doc/users_guide/instances/_overlay/instances_tab.html_txt_InstancesTab.gif
com.zerog.ia.installer.actions.InstallFile SF /home/dre/Protege-2000/doc/users_guide/newspaper_example.html
com.zerog.ia.installer.actions.InstallFile SF /home/dre/Protege-2000/doc/users_guide/planning_a_project.html
com.zerog.ia.installer.actions.InstallDirectory false /home/dre/Protege-2000/doc/users_guide/projects
com.zerog.ia.installer.actions.InstallFile SF /home/dre/Protege-2000/doc/users_guide/projects/building_a_project.html
com.zerog.ia.installer.actions.InstallFile SF /home/dre/Protege-2000/doc/users_guide/projects/cascading_open_forms.html
com.zerog.ia.installer.actions.InstallFile SF /home/dre/Protege-2000/doc/users_guide/projects/closing_all_windows.html
com.zerog.ia.installer.actions.InstallFile SF /home/dre/Protege-2000/doc/users_guide/projects/creating_a_project.html
com.zerog.ia.installer.actions.InstallDirectory false /home/dre/Protege-2000/doc/users_guide/projects/images
com.zerog.ia.installer.actions.InstallFile SF /home/dre/Protege-2000/doc/users_guide/projects/images/Add.gif
com.zerog.ia.installer.actions.InstallFile SF /home/dre/Protege-2000/doc/users_guide/projects/images/BuildingProject2.gif
com.zerog.ia.installer.actions.InstallFile SF /home/dre/Protege-2000/doc/users_guide/projects/images/BuildingProject3.gif
com.zerog.ia.installer.actions.InstallFile SF /home/dre/Protege-2000/doc/users_guide/projects/images/BuildingProject4.gif
com.zerog.ia.installer.actions.InstallFile SF /home/dre/Protege-2000/doc/users_guide/projects/images/Cascade.gif
com.zerog.ia.installer.actions.InstallFile SF /home/dre/Protege-2000/doc/users_guide/projects/images/CloseAllWindows.gif
com.zerog.ia.installer.actions.InstallFile SF /home/dre/Protege-2000/doc/users_guide/projects/images/header_line.gif
com.zerog.ia.installer.actions.InstallFile SF /home/dre/Protege-2000/doc/users_guide/projects/images/ImportJDBC.gif
com.zerog.ia.installer.actions.InstallFile SF /home/dre/Protege-2000/doc/users_guide/projects/images/ImportRDF.gif
com.zerog.ia.installer.actions.InstallFile SF /home/dre/Protege-2000/doc/users_guide/projects/images/import_rdf.gif
com.zerog.ia.installer.actions.InstallFile SF /home/dre/Protege-2000/doc/users_guide/projects/images/NewProject.gif
com.zerog.ia.installer.actions.InstallFile SF /home/dre/Protege-2000/doc/users_guide/projects/images/OpenProject.gif
com.zerog.ia.installer.actions.InstallFile SF /home/dre/Protege-2000/doc/users_guide/projects/images/ReadOnlyClass.gif
com.zerog.ia.installer.actions.InstallFile SF /home/dre/Protege-2000/doc/users_guide/projects/images/ReadonlyDirectSlot.gif
com.zerog.ia.installer.actions.InstallFile SF /home/dre/Protege-2000/doc/users_guide/projects/images/ReadonlyInstance.gif
com.zerog.ia.installer.actions.InstallFile SF /home/dre/Protege-2000/doc/users_guide/projects/images/SaveDatabase.gif
com.zerog.ia.installer.actions.InstallFile SF /home/dre/Protege-2000/doc/users_guide/projects/images/SaveProject.gif
com.zerog.ia.installer.actions.InstallFile SF /home/dre/Protege-2000/doc/users_guide/projects/images/save_rdf.gif
com.zerog.ia.installer.actions.InstallFile SF /home/dre/Protege-2000/doc/users_guide/projects/images/SavingText.gif
com.zerog.ia.installer.actions.InstallFile SF /home/dre/Protege-2000/doc/users_guide/projects/images/saving_rdf.gif
com.zerog.ia.installer.actions.InstallFile SF /home/dre/Protege-2000/doc/users_guide/projects/images/select_format.gif
com.zerog.ia.installer.actions.InstallFile SF /home/dre/Protege-2000/doc/users_guide/projects/images/serving_nerd.gif
com.zerog.ia.installer.actions.InstallFile SF /home/dre/Protege-2000/doc/users_guide/projects/importing_database_project.html
com.zerog.ia.installer.actions.InstallFile SF /home/dre/Protege-2000/doc/users_guide/projects/importing_rdf_project.html
com.zerog.ia.installer.actions.InstallFile SF /home/dre/Protege-2000/doc/users_guide/projects/importing_text_project.html
com.zerog.ia.installer.actions.InstallFile SF /home/dre/Protege-2000/doc/users_guide/projects/including_a_project.html
com.zerog.ia.installer.actions.InstallFile SF /home/dre/Protege-2000/doc/users_guide/projects/index.html
com.zerog.ia.installer.actions.InstallFile SF /home/dre/Protege-2000/doc/users_guide/projects/opening_a_project.html
com.zerog.ia.installer.actions.InstallFile SF /home/dre/Protege-2000/doc/users_guide/projects/renaming_a_project.html
com.zerog.ia.installer.actions.InstallFile SF /home/dre/Protege-2000/doc/users_guide/projects/saving_a_database_project.html
com.zerog.ia.installer.actions.InstallFile SF /home/dre/Protege-2000/doc/users_guide/projects/saving_a_project.html
com.zerog.ia.installer.actions.InstallFile SF /home/dre/Protege-2000/doc/users_guide/projects/saving_new_format.html
com.zerog.ia.installer.actions.InstallFile SF /home/dre/Protege-2000/doc/users_guide/projects/saving_RDF_project.html
com.zerog.ia.installer.actions.InstallFile SF /home/dre/Protege-2000/doc/users_guide/projects/saving_text_project.html
com.zerog.ia.installer.actions.InstallFile SF /home/dre/Protege-2000/doc/users_guide/protege_migration.html
com.zerog.ia.installer.actions.InstallFile SF /home/dre/Protege-2000/doc/users_guide/rdf_support.html
com.zerog.ia.installer.actions.InstallDirectory false /home/dre/Protege-2000/doc/users_guide/slots
com.zerog.ia.installer.actions.InstallFile SF /home/dre/Protege-2000/doc/users_guide/slots/adding_a_slot.html
com.zerog.ia.installer.actions.InstallFile SF /home/dre/Protege-2000/doc/users_guide/slots/creating_a_slot.html
com.zerog.ia.installer.actions.InstallFile SF /home/dre/Protege-2000/doc/users_guide/slots/deleting_a_slot.html
com.zerog.ia.installer.actions.InstallFile SF /home/dre/Protege-2000/doc/users_guide/slots/editing_a_slot.html
com.zerog.ia.installer.actions.InstallFile SF /home/dre/Protege-2000/doc/users_guide/slots/editing_slot_properties.html
com.zerog.ia.installer.actions.InstallFile SF /home/dre/Protege-2000/doc/users_guide/slots/index.html
com.zerog.ia.installer.actions.InstallFile SF /home/dre/Protege-2000/doc/users_guide/slots/index_long.html
com.zerog.ia.installer.actions.InstallFile SF /home/dre/Protege-2000/doc/users_guide/slots/remove_slot_overrides.html
com.zerog.ia.installer.actions.InstallFile SF /home/dre/Protege-2000/doc/users_guide/slots/removing_a_slot.html
com.zerog.ia.installer.actions.InstallFile SF /home/dre/Protege-2000/doc/users_guide/slots/slots_tab.html
com.zerog.ia.installer.actions.InstallFile SF /home/dre/Protege-2000/doc/users_guide/slots/slot_buttons.html
com.zerog.ia.installer.actions.InstallFile SF /home/dre/Protege-2000/doc/users_guide/slots/slot_form.html
com.zerog.ia.installer.actions.InstallFile SF /home/dre/Protege-2000/doc/users_guide/slots/value_type_menu.html
com.zerog.ia.installer.actions.InstallDirectory false /home/dre/Protege-2000/doc/users_guide/slots/_derived
com.zerog.ia.installer.actions.InstallFile SF /home/dre/Protege-2000/doc/users_guide/slots/_derived/slot_form.html_txt_slot_form.gif
com.zerog.ia.installer.actions.InstallDirectory false /home/dre/Protege-2000/doc/users_guide/slots/_overlay
com.zerog.ia.installer.actions.InstallFile SF /home/dre/Protege-2000/doc/users_guide/slots/_overlay/slot_form.html_txt_slot_form.gif
com.zerog.ia.installer.actions.InstallFile SF /home/dre/Protege-2000/doc/users_guide/table_of_contents.html
com.zerog.ia.installer.actions.InstallFile SF /home/dre/Protege-2000/doc/users_guide/using_help.html
com.zerog.ia.installer.actions.InstallFile SF /home/dre/Protege-2000/doc/users_guide/what_is_protege.html
com.zerog.ia.installer.actions.InstallDirectory false /home/dre/Protege-2000/source
com.zerog.ia.installer.actions.InstallFile SF /home/dre/Protege-2000/source/protege_src.1.7.zip
com.zerog.ia.installer.actions.InstallFile SF /home/dre/Protege-2000/source/query_tab_src.1.7.zip
com.zerog.ia.installer.actions.InstallFile SF /home/dre/Protege-2000/source/rdf_backend_src.1.7.zip
com.zerog.ia.installer.actions.InstallFile SF /home/dre/Protege-2000/source/standard_extensions_src.1.7.zip
com.zerog.ia.installer.actions.InstallDirectory false /home/dre/Protege-2000/UninstallerData
com.zerog.ia.installer.actions.InstallUninstaller 1 3 2 /home/dre/Protege-2000/UninstallerData
com.zerog.ia.installer.actions.InstallFile 0 /home/dre/Protege-2000/UninstallerData/uninstaller.jar
com.zerog.ia.installer.actions.MakeExecutable /home/dre/Protege-2000/UninstallerData/Uninstall_Protege
com.zerog.ia.installer.actions.InstallFile 0 /home/dre/Protege-2000/UninstallerData/Uninstall_Protege.lax
com.zerog.ia.installer.actions.InstallFile 0 /home/dre/Protege-2000/protege.properties
com.zerog.ia.installer.actions.InstallFile 123 /home/dre/Protege-2000/Protege-2000__Version_1.7_InstallLog.xml
