This file contains any messages produced by compilers while
running configure, to aid debugging if configure makes a mistake.

configure:780: checking for a BSD compatible install
configure:833: checking whether build environment is sane
configure:904: checking for mawk
configure:934: checking whether make sets ${MAKE}
configure:1047: checking whether to enable maintainer-specific portions of Makefiles
configure:1073: checking for gcc
configure:1186: checking whether the C compiler (gcc  ) works
configure:1202: gcc -o conftest    conftest.c  1>&5
configure:1228: checking whether the C compiler (gcc  ) is a cross-compiler
configure:1233: checking whether we are using GNU C
configure:1261: checking whether gcc accepts -g
configure:1300: checking for style of include used by make
configure:1334: checking dependency style of gcc
configure:1401: checking for working const
configure:1476: checking for inline
configure:1490: gcc -c -g -O2  conftest.c 1>&5
configure:1529: checking for Cygwin environment
configure:1562: checking for mingw32 environment
configure:1591: checking how to run the C preprocessor
configure:1746: checking host system type
configure:1767: checking build system type
configure:1796: checking for ld used by GCC
configure:1864: checking if the linker (/usr/bin/ld) is GNU ld
configure:1881: checking for /usr/bin/ld option to reload object files
configure:1893: checking for BSD-compatible nm
configure:1931: checking whether ln -s works
configure:1952: checking how to recognise dependant libraries
configure:2135: checking for object suffix
configure:2161: checking for executable suffix
configure:2202: checking command to parse /usr/bin/nm -B output
configure:2385: checking for dlfcn.h
configure:2563: checking for ranlib
configure:2630: checking for strip
configure:3145: checking for objdir
configure:3172: checking for gcc option to produce PIC
configure:3324: checking if gcc PIC flag  -fPIC works
configure:3390: checking if gcc static flag -static works
configure:3432: checking if gcc supports -c -o file.o
configure:3480: checking if gcc supports -c -o file.lo
configure:3548: checking if gcc supports -fno-rtti -fno-exceptions
configure:3561: gcc -c -g -O2 -fno-rtti -fno-exceptions -c conftest.c  conftest.c 1>&5
configure:3588: checking whether the linker (/usr/bin/ld) supports shared libraries
configure:4272: checking how to hardcode library paths into programs
configure:4300: checking whether stripping libraries is possible
configure:4314: checking dynamic linker characteristics
configure:4711: checking if libtool supports shared libraries
configure:4715: checking whether to build shared libraries
configure:4738: checking whether to build static libraries
configure:5274: checking whether -lc should be explicitly linked in
configure:5878: checking for ANSI C header files
configure:5986: checking for dirent.h that defines DIR
configure:6024: checking for opendir in -ldir
configure:6107: checking whether gcc supports assert without backlinking
configure:6196: checking which extension is used for shared libraries
configure:6220: checking which variable specifies run-time library path
configure:6237: checking for the default library search path
configure:6265: checking for objdir
configure:6292: checking whether libtool supports -dlopen/-dlpreopen
configure:6314: checking for dlopen in -ldl
configure:6452: checking for shl_load
configure:6501: checking for shl_load in -ldld
configure:6548: checking for dld_link in -ldld
configure:6567: gcc -o conftest -g -O2   conftest.c -ldld   1>&5
/usr/bin/ld: cannot find -ldld
collect2: ld returned 1 exit status
configure: failed program was:
#line 6556 "configure"
#include "confdefs.h"
/* Override any gcc2 internal prototype to avoid an error.  */
/* We use char because int might match the return type of a gcc2
    builtin and then its argument prototype would still apply.  */
char dld_link();

int main() {
dld_link()
; return 0; }
configure:6598: checking for dlerror
configure:6626: gcc -o conftest -g -O2   conftest.c  -ldl 1>&5
configure:6654: checking for _ prefix in compiled symbols
configure:6663: gcc -c -g -O2  conftest.c 1>&5
configure:6666: /usr/bin/nm -B conftest.o | sed -n -e 's/^.*[ ]\([ABCDGISTW][ABCDGISTW]*\)[ ][ ]*\(\)\([_A-Za-z][_A-Za-z0-9]*\)$/\1 \2\3 \3/p' > conftest.nm
configure:6800: checking whether deplibs are loaded by dlopen
configure:6835: checking for argz.h
configure:6845: gcc -E  conftest.c >/dev/null 2>conftest.out
configure:6873: checking for error_t
configure:6890: gcc -o conftest -g -O2   conftest.c  1>&5
configure:6915: checking for argz_append
configure:6943: gcc -o conftest -g -O2   conftest.c  1>&5
configure:6915: checking for argz_create_sep
configure:6943: gcc -o conftest -g -O2   conftest.c  1>&5
configure:6915: checking for argz_insert
configure:6943: gcc -o conftest -g -O2   conftest.c  1>&5
configure:6915: checking for argz_next
configure:6943: gcc -o conftest -g -O2   conftest.c  1>&5
configure:6915: checking for argz_stringify
configure:6943: gcc -o conftest -g -O2   conftest.c  1>&5
configure:6991: checking for errno.h
configure:7001: gcc -E  conftest.c >/dev/null 2>conftest.out
configure:6991: checking for malloc.h
configure:6991: checking for memory.h
configure:7001: gcc -E  conftest.c >/dev/null 2>conftest.out
configure:6991: checking for stdlib.h
configure:7001: gcc -E  conftest.c >/dev/null 2>conftest.out
configure:6991: checking for stdio.h
configure:7001: gcc -E  conftest.c >/dev/null 2>conftest.out
configure:6991: checking for ctype.h
configure:7001: gcc -E  conftest.c >/dev/null 2>conftest.out
configure:6991: checking for unistd.h
configure:7031: checking for dl.h
configure:7041: gcc -E  conftest.c >/dev/null 2>conftest.out
configure:7037:16: dl.h: No such file or directory
configure: failed program was:
#line 7036 "configure"
#include "confdefs.h"
#include <dl.h>
configure:7031: checking for sys/dl.h
configure:7041: gcc -E  conftest.c >/dev/null 2>conftest.out
configure:7037:20: sys/dl.h: No such file or directory
configure: failed program was:
#line 7036 "configure"
#include "confdefs.h"
#include <sys/dl.h>
configure:7031: checking for dld.h
configure:7041: gcc -E  conftest.c >/dev/null 2>conftest.out
configure:7037:17: dld.h: No such file or directory
configure: failed program was:
#line 7036 "configure"
#include "confdefs.h"
#include <dld.h>
configure:7071: checking for string.h
configure:7111: checking for strchr
configure:7139: gcc -o conftest -g -O2   conftest.c  1>&5
configure:7166: checking for strrchr
configure:7194: gcc -o conftest -g -O2   conftest.c  1>&5
configure:7221: checking for memcpy
configure:7249: gcc -o conftest -g -O2   conftest.c  1>&5
configure:7233: warning: conflicting types for built-in function `memcpy'
configure:7276: checking for memmove
configure:7304: gcc -o conftest -g -O2   conftest.c  1>&5
configure:7276: checking for strcmp
configure:7304: gcc -o conftest -g -O2   conftest.c  1>&5
configure:7288: warning: conflicting types for built-in function `strcmp'
